<html>
<body>
<pre>
<h1>µVision Build Log</h1>
<h2>Tool Versions:</h2>
IDE-Version: µVision V5.38.0.0
Copyright (C) 2022 ARM Ltd and ARM Germany GmbH. All rights reserved.
License Information: Aimal Khan, UET Peshawar, LIC=----
 
Tool Versions:
Toolchain:       PK51 Prof. Develpers Kit  Version: 9.60.7.0
Toolchain Path:  C:\Keil_v5\C51\BIN
C Compiler:      C51.exe V9.60.7.0
Assembler:       A51.exe V8.2.7.0
Linker/Locator:  BL51.exe V6.22.4.0
Library Manager: LIB51.exe V4.30.1.0
Hex Converter:   OH51.exe V2.7.0.0
CPU DLL:         S8051.DLL V3.125.1.0
Dialog DLL:      DP51.DLL V2.69.0.0 
<h2>Project:</h2>
D:\programing\my_github_account\DCSE\semester_6_(spring-24)\microprocessor_based_system_design_lab\lab_reports\lab2\tasks\Lab-2.uvproj
Project File Date:  02/25/2024

<h2>Output:</h2>
Build target 'Target 1'
assembling task1.a51...
task1.a51(8): error A9: SYNTAX ERROR
task1.a51(10): error A9: SYNTAX ERROR
task1.a51(10): warning A41: MISSING 'END' STATEMENT
assembling task3.a51...
compiling task3.c...
Target not created.
Build Time Elapsed:  00:00:00
</pre>
</body>
</html>
